

Started GET "/" for 127.0.0.1 at 2014-01-29 00:03:06 +0800
  [1m[36mActiveRecord::SchemaMigration Load (0.1ms)[0m  [1mSELECT "schema_migrations".* FROM "schema_migrations"[0m
Processing by UsersController#index as HTML
  [1m[35mUser Load (0.3ms)[0m  SELECT "users".* FROM "users"
  Rendered users/index.html.erb within layouts/application (28.6ms)
Completed 200 OK in 654ms (Views: 634.2ms | ActiveRecord: 0.6ms)


Started GET "/assets/application.css?body=1" for 127.0.0.1 at 2014-01-29 00:03:07 +0800


Started GET "/assets/users.js?body=1" for 127.0.0.1 at 2014-01-29 00:03:07 +0800


Started GET "/assets/users.css?body=1" for 127.0.0.1 at 2014-01-29 00:03:07 +0800


Started GET "/assets/jquery_ujs.js?body=1" for 127.0.0.1 at 2014-01-29 00:03:07 +0800


Started GET "/assets/jquery.js?body=1" for 127.0.0.1 at 2014-01-29 00:03:07 +0800


Started GET "/assets/scaffolds.css?body=1" for 127.0.0.1 at 2014-01-29 00:03:07 +0800


Started GET "/assets/turbolinks.js?body=1" for 127.0.0.1 at 2014-01-29 00:03:07 +0800


Started GET "/assets/application.js?body=1" for 127.0.0.1 at 2014-01-29 00:03:07 +0800


Started GET "/avatars/thumb/missing.png" for 127.0.0.1 at 2014-01-29 00:03:07 +0800

ActionController::RoutingError (No route matches [GET] "/avatars/thumb/missing.png"):
  actionpack (4.0.0) lib/action_dispatch/middleware/debug_exceptions.rb:21:in `call'
  actionpack (4.0.0) lib/action_dispatch/middleware/show_exceptions.rb:30:in `call'
  railties (4.0.0) lib/rails/rack/logger.rb:38:in `call_app'
  railties (4.0.0) lib/rails/rack/logger.rb:21:in `block in call'
  activesupport (4.0.0) lib/active_support/tagged_logging.rb:67:in `block in tagged'
  activesupport (4.0.0) lib/active_support/tagged_logging.rb:25:in `tagged'
  activesupport (4.0.0) lib/active_support/tagged_logging.rb:67:in `tagged'
  railties (4.0.0) lib/rails/rack/logger.rb:21:in `call'
  actionpack (4.0.0) lib/action_dispatch/middleware/request_id.rb:21:in `call'
  rack (1.5.2) lib/rack/methodoverride.rb:21:in `call'
  rack (1.5.2) lib/rack/runtime.rb:17:in `call'
  activesupport (4.0.0) lib/active_support/cache/strategy/local_cache.rb:83:in `call'
  rack (1.5.2) lib/rack/lock.rb:17:in `call'
  actionpack (4.0.0) lib/action_dispatch/middleware/static.rb:64:in `call'
  railties (4.0.0) lib/rails/engine.rb:511:in `call'
  railties (4.0.0) lib/rails/application.rb:97:in `call'
  rack (1.5.2) lib/rack/lock.rb:17:in `call'
  rack (1.5.2) lib/rack/content_length.rb:14:in `call'
  rack (1.5.2) lib/rack/handler/webrick.rb:60:in `service'
  /usr/local/rvm/rubies/ruby-2.0.0-p353/lib/ruby/2.0.0/webrick/httpserver.rb:138:in `service'
  /usr/local/rvm/rubies/ruby-2.0.0-p353/lib/ruby/2.0.0/webrick/httpserver.rb:94:in `run'
  /usr/local/rvm/rubies/ruby-2.0.0-p353/lib/ruby/2.0.0/webrick/server.rb:295:in `block in start_thread'


  Rendered /usr/local/rvm/gems/ruby-2.0.0-p353/gems/actionpack-4.0.0/lib/action_dispatch/middleware/templates/rescues/_trace.erb (1.0ms)
  Rendered /usr/local/rvm/gems/ruby-2.0.0-p353/gems/actionpack-4.0.0/lib/action_dispatch/middleware/templates/routes/_route.html.erb (1.9ms)
  Rendered /usr/local/rvm/gems/ruby-2.0.0-p353/gems/actionpack-4.0.0/lib/action_dispatch/middleware/templates/routes/_table.html.erb (4.4ms)
  Rendered /usr/local/rvm/gems/ruby-2.0.0-p353/gems/actionpack-4.0.0/lib/action_dispatch/middleware/templates/rescues/routing_error.erb within rescues/layout (23.6ms)


Started GET "/users/2/edit" for 127.0.0.1 at 2014-01-29 00:03:09 +0800
Processing by UsersController#edit as HTML
  Parameters: {"id"=>"2"}
  [1m[36mUser Load (0.4ms)[0m  [1mSELECT "users".* FROM "users" WHERE "users"."id" = ? LIMIT 1[0m  [["id", "2"]]
  Rendered users/_fxrm.html.erb (15.4ms)
  Rendered users/edit.html.erb within layouts/application (50.4ms)
Completed 200 OK in 58ms (Views: 54.6ms | ActiveRecord: 0.4ms)


Started GET "/" for 127.0.0.1 at 2014-01-29 00:04:42 +0800
Processing by UsersController#index as HTML
  [1m[35mUser Load (0.3ms)[0m  SELECT "users".* FROM "users"
  Rendered users/index.html.erb within layouts/application (8.3ms)
Completed 200 OK in 13ms (Views: 12.2ms | ActiveRecord: 0.3ms)


Started GET "/assets/application.css?body=1" for 127.0.0.1 at 2014-01-29 00:04:42 +0800


Started GET "/assets/scaffolds.css?body=1" for 127.0.0.1 at 2014-01-29 00:04:42 +0800


Started GET "/assets/users.css?body=1" for 127.0.0.1 at 2014-01-29 00:04:42 +0800


Started GET "/assets/jquery_ujs.js?body=1" for 127.0.0.1 at 2014-01-29 00:04:42 +0800


Started GET "/assets/application.js?body=1" for 127.0.0.1 at 2014-01-29 00:04:42 +0800


Started GET "/assets/users.js?body=1" for 127.0.0.1 at 2014-01-29 00:04:42 +0800


Started GET "/assets/jquery.js?body=1" for 127.0.0.1 at 2014-01-29 00:04:42 +0800


Started GET "/assets/turbolinks.js?body=1" for 127.0.0.1 at 2014-01-29 00:04:42 +0800


Started GET "/avatars/thumb/missing.png" for 127.0.0.1 at 2014-01-29 00:04:42 +0800

ActionController::RoutingError (No route matches [GET] "/avatars/thumb/missing.png"):
  actionpack (4.0.0) lib/action_dispatch/middleware/debug_exceptions.rb:21:in `call'
  actionpack (4.0.0) lib/action_dispatch/middleware/show_exceptions.rb:30:in `call'
  railties (4.0.0) lib/rails/rack/logger.rb:38:in `call_app'
  railties (4.0.0) lib/rails/rack/logger.rb:21:in `block in call'
  activesupport (4.0.0) lib/active_support/tagged_logging.rb:67:in `block in tagged'
  activesupport (4.0.0) lib/active_support/tagged_logging.rb:25:in `tagged'
  activesupport (4.0.0) lib/active_support/tagged_logging.rb:67:in `tagged'
  railties (4.0.0) lib/rails/rack/logger.rb:21:in `call'
  actionpack (4.0.0) lib/action_dispatch/middleware/request_id.rb:21:in `call'
  rack (1.5.2) lib/rack/methodoverride.rb:21:in `call'
  rack (1.5.2) lib/rack/runtime.rb:17:in `call'
  activesupport (4.0.0) lib/active_support/cache/strategy/local_cache.rb:83:in `call'
  rack (1.5.2) lib/rack/lock.rb:17:in `call'
  actionpack (4.0.0) lib/action_dispatch/middleware/static.rb:64:in `call'
  railties (4.0.0) lib/rails/engine.rb:511:in `call'
  railties (4.0.0) lib/rails/application.rb:97:in `call'
  rack (1.5.2) lib/rack/lock.rb:17:in `call'
  rack (1.5.2) lib/rack/content_length.rb:14:in `call'
  rack (1.5.2) lib/rack/handler/webrick.rb:60:in `service'
  /usr/local/rvm/rubies/ruby-2.0.0-p353/lib/ruby/2.0.0/webrick/httpserver.rb:138:in `service'
  /usr/local/rvm/rubies/ruby-2.0.0-p353/lib/ruby/2.0.0/webrick/httpserver.rb:94:in `run'
  /usr/local/rvm/rubies/ruby-2.0.0-p353/lib/ruby/2.0.0/webrick/server.rb:295:in `block in start_thread'


  Rendered /usr/local/rvm/gems/ruby-2.0.0-p353/gems/actionpack-4.0.0/lib/action_dispatch/middleware/templates/rescues/_trace.erb (1.1ms)
  Rendered /usr/local/rvm/gems/ruby-2.0.0-p353/gems/actionpack-4.0.0/lib/action_dispatch/middleware/templates/routes/_route.html.erb (38.9ms)
  Rendered /usr/local/rvm/gems/ruby-2.0.0-p353/gems/actionpack-4.0.0/lib/action_dispatch/middleware/templates/routes/_table.html.erb (1.1ms)
  Rendered /usr/local/rvm/gems/ruby-2.0.0-p353/gems/actionpack-4.0.0/lib/action_dispatch/middleware/templates/rescues/routing_error.erb within rescues/layout (59.2ms)


Started GET "/users/2/edit" for 127.0.0.1 at 2014-01-29 00:04:43 +0800
Processing by UsersController#edit as HTML
  Parameters: {"id"=>"2"}
  [1m[36mUser Load (0.2ms)[0m  [1mSELECT "users".* FROM "users" WHERE "users"."id" = ? LIMIT 1[0m  [["id", "2"]]
  Rendered users/_fxrm.html.erb (4.5ms)
  Rendered users/edit.html.erb within layouts/application (5.8ms)
Completed 200 OK in 13ms (Views: 10.8ms | ActiveRecord: 0.2ms)


Started GET "/users" for 127.0.0.1 at 2014-01-29 00:04:47 +0800
Processing by UsersController#index as HTML
  [1m[35mUser Load (0.2ms)[0m  SELECT "users".* FROM "users"
  Rendered users/index.html.erb within layouts/application (28.4ms)
Completed 200 OK in 33ms (Views: 31.9ms | ActiveRecord: 0.2ms)


Started GET "/avatars/thumb/missing.png" for 127.0.0.1 at 2014-01-29 00:04:47 +0800

ActionController::RoutingError (No route matches [GET] "/avatars/thumb/missing.png"):
  actionpack (4.0.0) lib/action_dispatch/middleware/debug_exceptions.rb:21:in `call'
  actionpack (4.0.0) lib/action_dispatch/middleware/show_exceptions.rb:30:in `call'
  railties (4.0.0) lib/rails/rack/logger.rb:38:in `call_app'
  railties (4.0.0) lib/rails/rack/logger.rb:21:in `block in call'
  activesupport (4.0.0) lib/active_support/tagged_logging.rb:67:in `block in tagged'
  activesupport (4.0.0) lib/active_support/tagged_logging.rb:25:in `tagged'
  activesupport (4.0.0) lib/active_support/tagged_logging.rb:67:in `tagged'
  railties (4.0.0) lib/rails/rack/logger.rb:21:in `call'
  actionpack (4.0.0) lib/action_dispatch/middleware/request_id.rb:21:in `call'
  rack (1.5.2) lib/rack/methodoverride.rb:21:in `call'
  rack (1.5.2) lib/rack/runtime.rb:17:in `call'
  activesupport (4.0.0) lib/active_support/cache/strategy/local_cache.rb:83:in `call'
  rack (1.5.2) lib/rack/lock.rb:17:in `call'
  actionpack (4.0.0) lib/action_dispatch/middleware/static.rb:64:in `call'
  railties (4.0.0) lib/rails/engine.rb:511:in `call'
  railties (4.0.0) lib/rails/application.rb:97:in `call'
  rack (1.5.2) lib/rack/lock.rb:17:in `call'
  rack (1.5.2) lib/rack/content_length.rb:14:in `call'
  rack (1.5.2) lib/rack/handler/webrick.rb:60:in `service'
  /usr/local/rvm/rubies/ruby-2.0.0-p353/lib/ruby/2.0.0/webrick/httpserver.rb:138:in `service'
  /usr/local/rvm/rubies/ruby-2.0.0-p353/lib/ruby/2.0.0/webrick/httpserver.rb:94:in `run'
  /usr/local/rvm/rubies/ruby-2.0.0-p353/lib/ruby/2.0.0/webrick/server.rb:295:in `block in start_thread'


  Rendered /usr/local/rvm/gems/ruby-2.0.0-p353/gems/actionpack-4.0.0/lib/action_dispatch/middleware/templates/rescues/_trace.erb (2.0ms)
  Rendered /usr/local/rvm/gems/ruby-2.0.0-p353/gems/actionpack-4.0.0/lib/action_dispatch/middleware/templates/routes/_route.html.erb (1.2ms)
  Rendered /usr/local/rvm/gems/ruby-2.0.0-p353/gems/actionpack-4.0.0/lib/action_dispatch/middleware/templates/routes/_table.html.erb (1.1ms)
  Rendered /usr/local/rvm/gems/ruby-2.0.0-p353/gems/actionpack-4.0.0/lib/action_dispatch/middleware/templates/rescues/routing_error.erb within rescues/layout (16.5ms)


Started GET "/users/new" for 127.0.0.1 at 2014-01-29 00:04:48 +0800
Processing by UsersController#new as HTML
  Rendered users/_fxrm.html.erb (3.1ms)
  Rendered users/new.html.erb within layouts/application (4.3ms)
Completed 200 OK in 9ms (Views: 7.8ms | ActiveRecord: 0.0ms)


Started POST "/api/v1/users/create" for 127.0.0.1 at 2014-01-29 00:04:59 +0800
  [1m[36m (0.2ms)[0m  [1mbegin transaction[0m
  [1m[35mUser Exists (0.2ms)[0m  SELECT 1 AS one FROM "users" WHERE "users"."name" = 'b' LIMIT 1
  [1m[36mSQL (2.4ms)[0m  [1mINSERT INTO "users" ("created_at", "description", "name", "updated_at") VALUES (?, ?, ?, ?)[0m  [["created_at", Wed, 29 Jan 2014 00:04:59 CST +08:00], ["description", ""], ["name", "b"], ["updated_at", Wed, 29 Jan 2014 00:04:59 CST +08:00]]
[paperclip] Saving attachments.
  [1m[35m (80.8ms)[0m  commit transaction


Started GET "/users/17" for 127.0.0.1 at 2014-01-29 00:05:00 +0800
Processing by UsersController#show as HTML
  Parameters: {"id"=>"17"}
  [1m[36mUser Load (0.2ms)[0m  [1mSELECT "users".* FROM "users" WHERE "users"."id" = ? LIMIT 1[0m  [["id", "17"]]
  Rendered users/show.html.erb within layouts/application (2.5ms)
Completed 200 OK in 10ms (Views: 6.7ms | ActiveRecord: 0.2ms)


Started GET "/assets/application.css?body=1" for 127.0.0.1 at 2014-01-29 00:05:00 +0800


Started GET "/assets/users.css?body=1" for 127.0.0.1 at 2014-01-29 00:05:00 +0800


Started GET "/assets/jquery_ujs.js?body=1" for 127.0.0.1 at 2014-01-29 00:05:00 +0800


Started GET "/assets/turbolinks.js?body=1" for 127.0.0.1 at 2014-01-29 00:05:00 +0800


Started GET "/assets/scaffolds.css?body=1" for 127.0.0.1 at 2014-01-29 00:05:00 +0800


Started GET "/assets/jquery.js?body=1" for 127.0.0.1 at 2014-01-29 00:05:00 +0800


Started GET "/assets/users.js?body=1" for 127.0.0.1 at 2014-01-29 00:05:00 +0800


Started GET "/assets/application.js?body=1" for 127.0.0.1 at 2014-01-29 00:05:00 +0800


Started GET "/avatars/large/missing.png" for 127.0.0.1 at 2014-01-29 00:05:00 +0800

ActionController::RoutingError (No route matches [GET] "/avatars/large/missing.png"):
  actionpack (4.0.0) lib/action_dispatch/middleware/debug_exceptions.rb:21:in `call'
  actionpack (4.0.0) lib/action_dispatch/middleware/show_exceptions.rb:30:in `call'
  railties (4.0.0) lib/rails/rack/logger.rb:38:in `call_app'
  railties (4.0.0) lib/rails/rack/logger.rb:21:in `block in call'
  activesupport (4.0.0) lib/active_support/tagged_logging.rb:67:in `block in tagged'
  activesupport (4.0.0) lib/active_support/tagged_logging.rb:25:in `tagged'
  activesupport (4.0.0) lib/active_support/tagged_logging.rb:67:in `tagged'
  railties (4.0.0) lib/rails/rack/logger.rb:21:in `call'
  actionpack (4.0.0) lib/action_dispatch/middleware/request_id.rb:21:in `call'
  rack (1.5.2) lib/rack/methodoverride.rb:21:in `call'
  rack (1.5.2) lib/rack/runtime.rb:17:in `call'
  activesupport (4.0.0) lib/active_support/cache/strategy/local_cache.rb:83:in `call'
  rack (1.5.2) lib/rack/lock.rb:17:in `call'
  actionpack (4.0.0) lib/action_dispatch/middleware/static.rb:64:in `call'
  railties (4.0.0) lib/rails/engine.rb:511:in `call'
  railties (4.0.0) lib/rails/application.rb:97:in `call'
  rack (1.5.2) lib/rack/lock.rb:17:in `call'
  rack (1.5.2) lib/rack/content_length.rb:14:in `call'
  rack (1.5.2) lib/rack/handler/webrick.rb:60:in `service'
  /usr/local/rvm/rubies/ruby-2.0.0-p353/lib/ruby/2.0.0/webrick/httpserver.rb:138:in `service'
  /usr/local/rvm/rubies/ruby-2.0.0-p353/lib/ruby/2.0.0/webrick/httpserver.rb:94:in `run'
  /usr/local/rvm/rubies/ruby-2.0.0-p353/lib/ruby/2.0.0/webrick/server.rb:295:in `block in start_thread'


  Rendered /usr/local/rvm/gems/ruby-2.0.0-p353/gems/actionpack-4.0.0/lib/action_dispatch/middleware/templates/rescues/_trace.erb (1.0ms)
  Rendered /usr/local/rvm/gems/ruby-2.0.0-p353/gems/actionpack-4.0.0/lib/action_dispatch/middleware/templates/routes/_route.html.erb (1.9ms)
  Rendered /usr/local/rvm/gems/ruby-2.0.0-p353/gems/actionpack-4.0.0/lib/action_dispatch/middleware/templates/routes/_table.html.erb (1.6ms)
  Rendered /usr/local/rvm/gems/ruby-2.0.0-p353/gems/actionpack-4.0.0/lib/action_dispatch/middleware/templates/rescues/routing_error.erb within rescues/layout (21.5ms)


Started GET "/users" for 127.0.0.1 at 2014-01-29 00:05:02 +0800
Processing by UsersController#index as HTML
  [1m[35mUser Load (0.2ms)[0m  SELECT "users".* FROM "users"
  Rendered users/index.html.erb within layouts/application (9.0ms)
Completed 200 OK in 13ms (Views: 12.4ms | ActiveRecord: 0.2ms)


Started GET "/avatars/thumb/missing.png" for 127.0.0.1 at 2014-01-29 00:05:02 +0800

ActionController::RoutingError (No route matches [GET] "/avatars/thumb/missing.png"):
  actionpack (4.0.0) lib/action_dispatch/middleware/debug_exceptions.rb:21:in `call'
  actionpack (4.0.0) lib/action_dispatch/middleware/show_exceptions.rb:30:in `call'
  railties (4.0.0) lib/rails/rack/logger.rb:38:in `call_app'
  railties (4.0.0) lib/rails/rack/logger.rb:21:in `block in call'
  activesupport (4.0.0) lib/active_support/tagged_logging.rb:67:in `block in tagged'
  activesupport (4.0.0) lib/active_support/tagged_logging.rb:25:in `tagged'
  activesupport (4.0.0) lib/active_support/tagged_logging.rb:67:in `tagged'
  railties (4.0.0) lib/rails/rack/logger.rb:21:in `call'
  actionpack (4.0.0) lib/action_dispatch/middleware/request_id.rb:21:in `call'
  rack (1.5.2) lib/rack/methodoverride.rb:21:in `call'
  rack (1.5.2) lib/rack/runtime.rb:17:in `call'
  activesupport (4.0.0) lib/active_support/cache/strategy/local_cache.rb:83:in `call'
  rack (1.5.2) lib/rack/lock.rb:17:in `call'
  actionpack (4.0.0) lib/action_dispatch/middleware/static.rb:64:in `call'
  railties (4.0.0) lib/rails/engine.rb:511:in `call'
  railties (4.0.0) lib/rails/application.rb:97:in `call'
  rack (1.5.2) lib/rack/lock.rb:17:in `call'
  rack (1.5.2) lib/rack/content_length.rb:14:in `call'
  rack (1.5.2) lib/rack/handler/webrick.rb:60:in `service'
  /usr/local/rvm/rubies/ruby-2.0.0-p353/lib/ruby/2.0.0/webrick/httpserver.rb:138:in `service'
  /usr/local/rvm/rubies/ruby-2.0.0-p353/lib/ruby/2.0.0/webrick/httpserver.rb:94:in `run'
  /usr/local/rvm/rubies/ruby-2.0.0-p353/lib/ruby/2.0.0/webrick/server.rb:295:in `block in start_thread'


  Rendered /usr/local/rvm/gems/ruby-2.0.0-p353/gems/actionpack-4.0.0/lib/action_dispatch/middleware/templates/rescues/_trace.erb (41.4ms)
  Rendered /usr/local/rvm/gems/ruby-2.0.0-p353/gems/actionpack-4.0.0/lib/action_dispatch/middleware/templates/routes/_route.html.erb (1.1ms)
  Rendered /usr/local/rvm/gems/ruby-2.0.0-p353/gems/actionpack-4.0.0/lib/action_dispatch/middleware/templates/routes/_table.html.erb (1.0ms)
  Rendered /usr/local/rvm/gems/ruby-2.0.0-p353/gems/actionpack-4.0.0/lib/action_dispatch/middleware/templates/rescues/routing_error.erb within rescues/layout (56.0ms)


Started GET "/users/2/edit" for 127.0.0.1 at 2014-01-29 00:05:03 +0800
Processing by UsersController#edit as HTML
  Parameters: {"id"=>"2"}
  [1m[36mUser Load (0.1ms)[0m  [1mSELECT "users".* FROM "users" WHERE "users"."id" = ? LIMIT 1[0m  [["id", "2"]]
  Rendered users/_fxrm.html.erb (2.5ms)
  Rendered users/edit.html.erb within layouts/application (3.3ms)
Completed 200 OK in 9ms (Views: 6.6ms | ActiveRecord: 0.1ms)


Started PATCH "/users/2" for 127.0.0.1 at 2014-01-29 00:05:09 +0800
Processing by UsersController#update as HTML
  Parameters: {"utf8"=>"✓", "authenticity_token"=>"1DnwtHmGJL2Jw6b9lX2Nyffj9QkhxjGdvSKZItW99cw=", "user"=>{"name"=>"jone", "description"=>"hello", "avatar"=>#<ActionDispatch::Http::UploadedFile:0x00000004802790 @tempfile=#<Tempfile:/tmp/RackMultipart20140129-25134-s56uz3>, @original_filename="Map_9.gif", @content_type="image/gif", @headers="Content-Disposition: form-data; name=\"user[avatar]\"; filename=\"Map_9.gif\"\r\nContent-Type: image/gif\r\n">}, "commit"=>"Update User", "id"=>"2"}
  [1m[35mUser Load (0.1ms)[0m  SELECT "users".* FROM "users" WHERE "users"."id" = ? LIMIT 1  [["id", "2"]]
  [1m[36m (0.1ms)[0m  [1mbegin transaction[0m
  [1m[35mUser Exists (0.2ms)[0m  SELECT 1 AS one FROM "users" WHERE ("users"."name" = 'jone' AND "users"."id" != 2) LIMIT 1
Command :: identify -format '%wx%h,%[exif:orientation]' '/tmp/Map_920140129-25134-aalr3m.gif[0]'
Command :: convert '/tmp/Map_920140129-25134-aalr3m.gif[0]' -auto-orient -resize "100x" -crop "100x100+0+13" +repage -set colorspace sRGB -strip '/tmp/Map_920140129-25134-aalr3m20140129-25134-idd37q.jpg'
Command :: identify -format '%wx%h,%[exif:orientation]' '/tmp/Map_920140129-25134-aalr3m.gif[0]'
Command :: convert '/tmp/Map_920140129-25134-aalr3m.gif[0]' -auto-orient -resize "480x" -crop "480x480+0+63" +repage -set colorspace sRGB -strip '/tmp/Map_920140129-25134-aalr3m20140129-25134-9n6ben.jpg'
Command :: identify -format '%wx%h,%[exif:orientation]' '/tmp/Map_920140129-25134-aalr3m.gif[0]'
Command :: convert '/tmp/Map_920140129-25134-aalr3m.gif[0]' -auto-orient -resize "600>" -set colorspace sRGB -strip '/tmp/Map_920140129-25134-aalr3m20140129-25134-13glydi.jpg'
Command :: identify -format '%wx%h,%[exif:orientation]' '/tmp/Map_920140129-25134-aalr3m.gif[0]'
Command :: convert '/tmp/Map_920140129-25134-aalr3m.gif[0]' -auto-orient -resize "1200>" -set colorspace sRGB -strip -sharpen 0x0.5 '/tmp/Map_920140129-25134-aalr3m20140129-25134-c0u017.jpg'
  [1m[36mCACHE (0.1ms)[0m  [1mSELECT 1 AS one FROM "users" WHERE ("users"."name" = 'jone' AND "users"."id" != 2) LIMIT 1[0m
Binary data inserted for `string` type on column `avatar_content_type`
  [1m[35mSQL (1.1ms)[0m  UPDATE "users" SET "avatar_file_name" = ?, "avatar_content_type" = ?, "avatar_file_size" = ?, "avatar_updated_at" = ?, "updated_at" = ? WHERE "users"."id" = 2  [["avatar_file_name", "Map_9.gif"], ["avatar_content_type", "image/gif"], ["avatar_file_size", 11021], ["avatar_updated_at", Wed, 29 Jan 2014 00:05:09 CST +08:00], ["updated_at", Wed, 29 Jan 2014 00:05:09 CST +08:00]]
[paperclip] Saving attachments.
[paperclip] deleting /home/test/paperclip_practice/public/system/users/:attachement/2/3_original.jpg
[paperclip] deleting /home/test/paperclip_practice/public/system/users/:attachement/2/3_thumb.jpg
[paperclip] deleting /home/test/paperclip_practice/public/system/users/:attachement/2/3_preview.jpg
[paperclip] deleting /home/test/paperclip_practice/public/system/users/:attachement/2/3_large.jpg
[paperclip] deleting /home/test/paperclip_practice/public/system/users/:attachement/2/3_retina.jpg
  [1m[36m (8.9ms)[0m  [1mcommit transaction[0m
Redirected to http://localhost:3000/users/2
Completed 302 Found in 243ms (ActiveRecord: 10.5ms)


Started GET "/users/2" for 127.0.0.1 at 2014-01-29 00:05:09 +0800
Processing by UsersController#show as HTML
  Parameters: {"id"=>"2"}
  [1m[35mUser Load (0.1ms)[0m  SELECT "users".* FROM "users" WHERE "users"."id" = ? LIMIT 1  [["id", "2"]]
  Rendered users/show.html.erb within layouts/application (1.9ms)
Completed 200 OK in 10ms (Views: 7.4ms | ActiveRecord: 0.1ms)


Started GET "/assets/jquery_ujs.js?body=1" for 127.0.0.1 at 2014-01-29 00:05:09 +0800


Started GET "/assets/users.css?body=1" for 127.0.0.1 at 2014-01-29 00:05:09 +0800


Started GET "/assets/turbolinks.js?body=1" for 127.0.0.1 at 2014-01-29 00:05:09 +0800


Started GET "/assets/scaffolds.css?body=1" for 127.0.0.1 at 2014-01-29 00:05:09 +0800


Started GET "/assets/application.css?body=1" for 127.0.0.1 at 2014-01-29 00:05:09 +0800


Started GET "/assets/jquery.js?body=1" for 127.0.0.1 at 2014-01-29 00:05:09 +0800


Started GET "/assets/users.js?body=1" for 127.0.0.1 at 2014-01-29 00:05:09 +0800


Started GET "/assets/application.js?body=1" for 127.0.0.1 at 2014-01-29 00:05:09 +0800


Started GET "/users" for 127.0.0.1 at 2014-01-29 00:05:11 +0800
Processing by UsersController#index as HTML
  [1m[36mUser Load (0.2ms)[0m  [1mSELECT "users".* FROM "users"[0m
  Rendered users/index.html.erb within layouts/application (9.9ms)
Completed 200 OK in 64ms (Views: 63.4ms | ActiveRecord: 0.2ms)


Started GET "/avatars/thumb/missing.png" for 127.0.0.1 at 2014-01-29 00:05:11 +0800

ActionController::RoutingError (No route matches [GET] "/avatars/thumb/missing.png"):
  actionpack (4.0.0) lib/action_dispatch/middleware/debug_exceptions.rb:21:in `call'
  actionpack (4.0.0) lib/action_dispatch/middleware/show_exceptions.rb:30:in `call'
  railties (4.0.0) lib/rails/rack/logger.rb:38:in `call_app'
  railties (4.0.0) lib/rails/rack/logger.rb:21:in `block in call'
  activesupport (4.0.0) lib/active_support/tagged_logging.rb:67:in `block in tagged'
  activesupport (4.0.0) lib/active_support/tagged_logging.rb:25:in `tagged'
  activesupport (4.0.0) lib/active_support/tagged_logging.rb:67:in `tagged'
  railties (4.0.0) lib/rails/rack/logger.rb:21:in `call'
  actionpack (4.0.0) lib/action_dispatch/middleware/request_id.rb:21:in `call'
  rack (1.5.2) lib/rack/methodoverride.rb:21:in `call'
  rack (1.5.2) lib/rack/runtime.rb:17:in `call'
  activesupport (4.0.0) lib/active_support/cache/strategy/local_cache.rb:83:in `call'
  rack (1.5.2) lib/rack/lock.rb:17:in `call'
  actionpack (4.0.0) lib/action_dispatch/middleware/static.rb:64:in `call'
  railties (4.0.0) lib/rails/engine.rb:511:in `call'
  railties (4.0.0) lib/rails/application.rb:97:in `call'
  rack (1.5.2) lib/rack/lock.rb:17:in `call'
  rack (1.5.2) lib/rack/content_length.rb:14:in `call'
  rack (1.5.2) lib/rack/handler/webrick.rb:60:in `service'
  /usr/local/rvm/rubies/ruby-2.0.0-p353/lib/ruby/2.0.0/webrick/httpserver.rb:138:in `service'
  /usr/local/rvm/rubies/ruby-2.0.0-p353/lib/ruby/2.0.0/webrick/httpserver.rb:94:in `run'
  /usr/local/rvm/rubies/ruby-2.0.0-p353/lib/ruby/2.0.0/webrick/server.rb:295:in `block in start_thread'


  Rendered /usr/local/rvm/gems/ruby-2.0.0-p353/gems/actionpack-4.0.0/lib/action_dispatch/middleware/templates/rescues/_trace.erb (1.8ms)
  Rendered /usr/local/rvm/gems/ruby-2.0.0-p353/gems/actionpack-4.0.0/lib/action_dispatch/middleware/templates/routes/_route.html.erb (1.3ms)
  Rendered /usr/local/rvm/gems/ruby-2.0.0-p353/gems/actionpack-4.0.0/lib/action_dispatch/middleware/templates/routes/_table.html.erb (1.2ms)
  Rendered /usr/local/rvm/gems/ruby-2.0.0-p353/gems/actionpack-4.0.0/lib/action_dispatch/middleware/templates/rescues/routing_error.erb within rescues/layout (19.0ms)


Started GET "/users/16/edit" for 127.0.0.1 at 2014-01-29 00:05:28 +0800
Processing by UsersController#edit as HTML
  Parameters: {"id"=>"16"}
  [1m[35mUser Load (0.2ms)[0m  SELECT "users".* FROM "users" WHERE "users"."id" = ? LIMIT 1  [["id", "16"]]
  Rendered users/_fxrm.html.erb (3.5ms)
  Rendered users/edit.html.erb within layouts/application (4.7ms)
Completed 200 OK in 11ms (Views: 8.4ms | ActiveRecord: 0.2ms)
